Determining if the pthread_create exist failed with the following output:
Change Dir: /home/jetson/projects/jetson-camera-stream/apriltags/mit_apriltags/pod-build/CMakeFiles/CMakeTmp

Run Build Command:"/usr/bin/make" "cmTC_a1783/fast"
make[2]: Entering directory '/home/jetson/projects/jetson-camera-stream/apriltags/mit_apriltags/pod-build/CMakeFiles/CMakeTmp'
/usr/bin/make -f CMakeFiles/cmTC_a1783.dir/build.make CMakeFiles/cmTC_a1783.dir/build
make[3]: Entering directory '/home/jetson/projects/jetson-camera-stream/apriltags/mit_apriltags/pod-build/CMakeFiles/CMakeTmp'
Building C object CMakeFiles/cmTC_a1783.dir/CheckSymbolExists.c.o
/usr/bin/cc   -fPIC    -o CMakeFiles/cmTC_a1783.dir/CheckSymbolExists.c.o   -c /home/jetson/projects/jetson-camera-stream/apriltags/mit_apriltags/pod-build/CMakeFiles/CMakeTmp/CheckSymbolExists.c
Linking C executable cmTC_a1783
/usr/bin/cmake -E cmake_link_script CMakeFiles/cmTC_a1783.dir/link.txt --verbose=1
/usr/bin/cc -fPIC     -rdynamic CMakeFiles/cmTC_a1783.dir/CheckSymbolExists.c.o  -o cmTC_a1783 
CMakeFiles/cmTC_a1783.dir/CheckSymbolExists.c.o: In function `main':
CheckSymbolExists.c:(.text+0x14): undefined reference to `pthread_create'
CheckSymbolExists.c:(.text+0x18): undefined reference to `pthread_create'
collect2: error: ld returned 1 exit status
CMakeFiles/cmTC_a1783.dir/build.make:97: recipe for target 'cmTC_a1783' failed
make[3]: *** [cmTC_a1783] Error 1
make[3]: Leaving directory '/home/jetson/projects/jetson-camera-stream/apriltags/mit_apriltags/pod-build/CMakeFiles/CMakeTmp'
Makefile:126: recipe for target 'cmTC_a1783/fast' failed
make[2]: *** [cmTC_a1783/fast] Error 2
make[2]: Leaving directory '/home/jetson/projects/jetson-camera-stream/apriltags/mit_apriltags/pod-build/CMakeFiles/CMakeTmp'

File /home/jetson/projects/jetson-camera-stream/apriltags/mit_apriltags/pod-build/CMakeFiles/CMakeTmp/CheckSymbolExists.c:
/* */
#include <pthread.h>

int main(int argc, char** argv)
{
  (void)argv;
#ifndef pthread_create
  return ((int*)(&pthread_create))[argc];
#else
  (void)argc;
  return 0;
#endif
}

Determining if the function pthread_create exists in the pthreads failed with the following output:
Change Dir: /home/jetson/projects/jetson-camera-stream/apriltags/mit_apriltags/pod-build/CMakeFiles/CMakeTmp

Run Build Command:"/usr/bin/make" "cmTC_8e3a1/fast"
make[2]: Entering directory '/home/jetson/projects/jetson-camera-stream/apriltags/mit_apriltags/pod-build/CMakeFiles/CMakeTmp'
/usr/bin/make -f CMakeFiles/cmTC_8e3a1.dir/build.make CMakeFiles/cmTC_8e3a1.dir/build
make[3]: Entering directory '/home/jetson/projects/jetson-camera-stream/apriltags/mit_apriltags/pod-build/CMakeFiles/CMakeTmp'
Building C object CMakeFiles/cmTC_8e3a1.dir/CheckFunctionExists.c.o
/usr/bin/cc   -fPIC -DCHECK_FUNCTION_EXISTS=pthread_create   -o CMakeFiles/cmTC_8e3a1.dir/CheckFunctionExists.c.o   -c /usr/share/cmake-3.10/Modules/CheckFunctionExists.c
Linking C executable cmTC_8e3a1
/usr/bin/cmake -E cmake_link_script CMakeFiles/cmTC_8e3a1.dir/link.txt --verbose=1
/usr/bin/cc -fPIC -DCHECK_FUNCTION_EXISTS=pthread_create    -rdynamic CMakeFiles/cmTC_8e3a1.dir/CheckFunctionExists.c.o  -o cmTC_8e3a1 -lpthreads 
/usr/bin/ld: cannot find -lpthreads
collect2: error: ld returned 1 exit status
CMakeFiles/cmTC_8e3a1.dir/build.make:97: recipe for target 'cmTC_8e3a1' failed
make[3]: *** [cmTC_8e3a1] Error 1
make[3]: Leaving directory '/home/jetson/projects/jetson-camera-stream/apriltags/mit_apriltags/pod-build/CMakeFiles/CMakeTmp'
Makefile:126: recipe for target 'cmTC_8e3a1/fast' failed
make[2]: *** [cmTC_8e3a1/fast] Error 2
make[2]: Leaving directory '/home/jetson/projects/jetson-camera-stream/apriltags/mit_apriltags/pod-build/CMakeFiles/CMakeTmp'


